<?xml version="1.0" encoding="UTF-8"?>
<!-- Generated by org.testng.reporters.JUnitXMLReporter -->
<testsuite ignored="0" hostname="DESKTOP-H85Q68O" failures="1" tests="1" name="TestHomePage" time="0.334" errors="0" timestamp="2023-10-12T18:28:21 IST">
  <testcase classname="com.redbus.base.BaseTest" name="@AfterTest closeBrowser" time="0.006">
    <failure type="java.lang.NullPointerException" message="Cannot invoke &amp;quot;org.openqa.selenium.WebDriver.quit()&amp;quot; because &amp;quot;com.redbus.base.BaseTest.driver&amp;quot; is null">
      <![CDATA[java.lang.NullPointerException: Cannot invoke "org.openqa.selenium.WebDriver.quit()" because "com.redbus.base.BaseTest.driver" is null
at com.redbus.base.BaseTest.closeBrowser(BaseTest.java:53)
... Removed 24 stack frames]]>
    </failure>
  </testcase> <!-- @AfterTest closeBrowser -->
  <testcase classname="com.redbus.testpages.HomePageTest" name="Home_Page_Test" time="0.128">
    <failure type="java.lang.NullPointerException" message="Cannot invoke &amp;quot;org.openqa.selenium.WebDriver.get(String)&amp;quot; because &amp;quot;driver&amp;quot; is null">
      <![CDATA[java.lang.NullPointerException: Cannot invoke "org.openqa.selenium.WebDriver.get(String)" because "driver" is null
at com.redbus.testpages.HomePageTest.Home_Page_Test(HomePageTest.java:27)
at java.base/java.util.ArrayList.forEach(ArrayList.java:1511)
... Removed 27 stack frames]]>
    </failure>
  </testcase> <!-- Home_Page_Test -->
</testsuite> <!-- TestHomePage -->
